{"C:\\projects\\graphiql-app\\src\\components\\footer\\Footer.module.scss": {"path":"C:\\projects\\graphiql-app\\src\\components\\footer\\Footer.module.scss","statementMap":{"0":{"start":{"line":1,"column":0},"end":{"line":1,"column":19}}},"fnMap":{},"branchMap":{},"s":{"0":1},"f":{},"b":{},"_coverageSchema":"1a1c01bbd47fc00a2c39e90264f33305004495a9","hash":"23aaf1332d13f5552a459b79d34a5c41513c6225"}
,"C:\\projects\\graphiql-app\\src\\components\\footer\\Footer.tsx": {"path":"C:\\projects\\graphiql-app\\src\\components\\footer\\Footer.tsx","statementMap":{"0":{"start":{"line":8,"column":20},"end":{"line":8,"column":37}},"1":{"start":{"line":9,"column":2},"end":{"line":36,"column":4}}},"fnMap":{"0":{"name":"Footer","decl":{"start":{"line":7,"column":9},"end":{"line":7,"column":15}},"loc":{"start":{"line":7,"column":18},"end":{"line":37,"column":1}},"line":7}},"branchMap":{},"s":{"0":2,"1":2},"f":{"0":2},"b":{},"_coverageSchema":"1a1c01bbd47fc00a2c39e90264f33305004495a9","hash":"8b0ffb9fc88ff612d8c04c4f8d38b185edf9af2f"}
,"C:\\projects\\graphiql-app\\src\\components\\footer\\constents.ts": {"path":"C:\\projects\\graphiql-app\\src\\components\\footer\\constents.ts","statementMap":{"0":{"start":{"line":1,"column":26},"end":{"line":1,"column":52}},"1":{"start":{"line":2,"column":25},"end":{"line":2,"column":54}},"2":{"start":{"line":3,"column":25},"end":{"line":3,"column":60}},"3":{"start":{"line":4,"column":25},"end":{"line":4,"column":54}}},"fnMap":{},"branchMap":{},"s":{"0":1,"1":1,"2":1,"3":1},"f":{},"b":{},"_coverageSchema":"1a1c01bbd47fc00a2c39e90264f33305004495a9","hash":"fd937137b4a236aa083c9de4af3f671ffbf8fbc0"}
,"C:\\projects\\graphiql-app\\src\\components\\lang-switcher\\lang-switcher.tsx": {"path":"C:\\projects\\graphiql-app\\src\\components\\lang-switcher\\lang-switcher.tsx","statementMap":{"0":{"start":{"line":18,"column":27},"end":{"line":37,"column":1}},"1":{"start":{"line":40,"column":38},"end":{"line":40,"column":55}},"2":{"start":{"line":41,"column":28},"end":{"line":41,"column":52}},"3":{"start":{"line":42,"column":21},"end":{"line":42,"column":35}},"4":{"start":{"line":43,"column":2},"end":{"line":47,"column":23}},"5":{"start":{"line":44,"column":20},"end":{"line":44,"column":42}},"6":{"start":{"line":45,"column":4},"end":{"line":45,"column":19}},"7":{"start":{"line":46,"column":4},"end":{"line":46,"column":22}},"8":{"start":{"line":49,"column":27},"end":{"line":51,"column":3}},"9":{"start":{"line":50,"column":4},"end":{"line":50,"column":18}},"10":{"start":{"line":53,"column":27},"end":{"line":55,"column":3}},"11":{"start":{"line":54,"column":4},"end":{"line":54,"column":19}},"12":{"start":{"line":57,"column":2},"end":{"line":93,"column":4}},"13":{"start":{"line":68,"column":25},"end":{"line":68,"column":41}},"14":{"start":{"line":76,"column":14},"end":{"line":87,"column":15}},"15":{"start":{"line":77,"column":16},"end":{"line":86,"column":18}},"16":{"start":{"line":81,"column":35},"end":{"line":81,"column":47}}},"fnMap":{"0":{"name":"LangSwitch","decl":{"start":{"line":39,"column":9},"end":{"line":39,"column":19}},"loc":{"start":{"line":39,"column":22},"end":{"line":94,"column":1}},"line":39},"1":{"name":"(anonymous_1)","decl":{"start":{"line":43,"column":12},"end":{"line":43,"column":13}},"loc":{"start":{"line":43,"column":18},"end":{"line":47,"column":3}},"line":43},"2":{"name":"(anonymous_2)","decl":{"start":{"line":49,"column":27},"end":{"line":49,"column":28}},"loc":{"start":{"line":49,"column":33},"end":{"line":51,"column":3}},"line":49},"3":{"name":"(anonymous_3)","decl":{"start":{"line":53,"column":27},"end":{"line":53,"column":28}},"loc":{"start":{"line":53,"column":33},"end":{"line":55,"column":3}},"line":53},"4":{"name":"(anonymous_4)","decl":{"start":{"line":68,"column":19},"end":{"line":68,"column":20}},"loc":{"start":{"line":68,"column":25},"end":{"line":68,"column":41}},"line":68},"5":{"name":"(anonymous_5)","decl":{"start":{"line":75,"column":42},"end":{"line":75,"column":43}},"loc":{"start":{"line":75,"column":60},"end":{"line":88,"column":13}},"line":75},"6":{"name":"(anonymous_6)","decl":{"start":{"line":81,"column":29},"end":{"line":81,"column":30}},"loc":{"start":{"line":81,"column":35},"end":{"line":81,"column":47}},"line":81}},"branchMap":{"0":{"loc":{"start":{"line":73,"column":9},"end":{"line":90,"column":9}},"type":"binary-expr","locations":[{"start":{"line":73,"column":9},"end":{"line":73,"column":15}},{"start":{"line":74,"column":10},"end":{"line":89,"column":16}}],"line":73},"1":{"loc":{"start":{"line":76,"column":14},"end":{"line":87,"column":15}},"type":"if","locations":[{"start":{"line":76,"column":14},"end":{"line":87,"column":15}},{"start":{},"end":{}}],"line":76}},"s":{"0":1,"1":8,"2":8,"3":8,"4":8,"5":3,"6":3,"7":3,"8":8,"9":2,"10":8,"11":1,"12":8,"13":0,"14":12,"15":8,"16":1},"f":{"0":8,"1":3,"2":2,"3":1,"4":0,"5":12,"6":1},"b":{"0":[8,4],"1":[8,4]},"_coverageSchema":"1a1c01bbd47fc00a2c39e90264f33305004495a9","hash":"92563fbfa5b46b3616d83474a0382c6c22b6ea6c"}
,"C:\\projects\\graphiql-app\\src\\components\\lang-switcher\\style.scss": {"path":"C:\\projects\\graphiql-app\\src\\components\\lang-switcher\\style.scss","statementMap":{"0":{"start":{"line":1,"column":0},"end":{"line":1,"column":19}}},"fnMap":{},"branchMap":{},"s":{"0":1},"f":{},"b":{},"_coverageSchema":"1a1c01bbd47fc00a2c39e90264f33305004495a9","hash":"661658adf9f78e2ae987b19bf6a932ad5cd50d2e"}
,"C:\\projects\\graphiql-app\\src\\context\\constants.ts": {"path":"C:\\projects\\graphiql-app\\src\\context\\constants.ts","statementMap":{"0":{"start":{"line":1,"column":23},"end":{"line":43,"column":1}},"1":{"start":{"line":45,"column":23},"end":{"line":87,"column":1}},"2":{"start":{"line":89,"column":23},"end":{"line":131,"column":1}}},"fnMap":{},"branchMap":{},"s":{"0":2,"1":2,"2":2},"f":{},"b":{},"_coverageSchema":"1a1c01bbd47fc00a2c39e90264f33305004495a9","hash":"10496bb4aab17b2814de76ed2ebb60776d30fbe4"}
,"C:\\projects\\graphiql-app\\src\\context\\local.tsx": {"path":"C:\\projects\\graphiql-app\\src\\context\\local.tsx","statementMap":{"0":{"start":{"line":9,"column":28},"end":{"line":11,"column":1}},"1":{"start":{"line":13,"column":29},"end":{"line":26,"column":1}},"2":{"start":{"line":14,"column":23},"end":{"line":14,"column":28}},"3":{"start":{"line":16,"column":26},"end":{"line":16,"column":40}},"4":{"start":{"line":17,"column":28},"end":{"line":17,"column":56}},"5":{"start":{"line":19,"column":16},"end":{"line":19,"column":50}},"6":{"start":{"line":21,"column":2},"end":{"line":25,"column":4}},"7":{"start":{"line":28,"column":24},"end":{"line":36,"column":1}},"8":{"start":{"line":29,"column":18},"end":{"line":29,"column":49}},"9":{"start":{"line":30,"column":2},"end":{"line":34,"column":3}},"10":{"start":{"line":31,"column":4},"end":{"line":33,"column":6}},"11":{"start":{"line":35,"column":2},"end":{"line":35,"column":17}}},"fnMap":{"0":{"name":"(anonymous_0)","decl":{"start":{"line":13,"column":29},"end":{"line":13,"column":30}},"loc":{"start":{"line":13,"column":66},"end":{"line":26,"column":1}},"line":13},"1":{"name":"(anonymous_1)","decl":{"start":{"line":28,"column":24},"end":{"line":28,"column":25}},"loc":{"start":{"line":28,"column":30},"end":{"line":36,"column":1}},"line":28}},"branchMap":{"0":{"loc":{"start":{"line":30,"column":2},"end":{"line":34,"column":3}},"type":"if","locations":[{"start":{"line":30,"column":2},"end":{"line":34,"column":3}},{"start":{},"end":{}}],"line":30}},"s":{"0":2,"1":2,"2":3,"3":3,"4":3,"5":3,"6":3,"7":2,"8":3,"9":3,"10":0,"11":3},"f":{"0":3,"1":3},"b":{"0":[0,3]},"_coverageSchema":"1a1c01bbd47fc00a2c39e90264f33305004495a9","hash":"acfef7c8e9ae512c484c22a59b55788c0f99ff85"}
}
