TN:
SF:src\components\footer\Footer.module.scss
FNF:0
FNH:0
DA:1,4
LF:1
LH:1
BRF:0
BRH:0
end_of_record
TN:
SF:src\components\footer\Footer.tsx
FN:5,Footer
FNF:1
FNH:1
FNDA:27,Footer
DA:6,27
DA:7,27
LF:2
LH:2
BRF:0
BRH:0
end_of_record
TN:
SF:src\components\footer\constants.ts
FNF:0
FNH:0
DA:1,4
DA:2,4
DA:3,4
DA:4,4
LF:4
LH:4
BRF:0
BRH:0
end_of_record
TN:
SF:src\components\header\Header.module.scss
FNF:0
FNH:0
DA:1,4
LF:1
LH:1
BRF:0
BRH:0
end_of_record
TN:
SF:src\components\header\Header.tsx
FN:10,Header
FN:17,(anonymous_1)
FN:18,(anonymous_2)
FN:25,(anonymous_3)
FN:30,(anonymous_4)
FNF:5
FNH:3
FNDA:29,Header
FNDA:13,(anonymous_1)
FNDA:0,(anonymous_2)
FNDA:13,(anonymous_3)
FNDA:0,(anonymous_4)
DA:11,29
DA:12,29
DA:13,29
DA:14,29
DA:15,29
DA:17,29
DA:18,13
DA:19,0
DA:20,0
DA:23,13
DA:25,13
DA:26,13
DA:30,29
DA:31,0
DA:32,0
DA:34,29
LF:16
LH:12
BRDA:38,0,0,0
BRDA:38,0,1,29
BRDA:46,1,0,29
BRDA:46,1,1,3
BRDA:52,2,0,29
BRDA:52,2,1,26
BRF:6
BRH:5
end_of_record
TN:
SF:src\components\inputAPI\InputAPI.module.scss
FNF:0
FNH:0
DA:1,4
LF:1
LH:1
BRF:0
BRH:0
end_of_record
TN:
SF:src\components\inputAPI\InputAPI.tsx
FN:7,InputAPI
FN:12,(anonymous_1)
FN:16,(anonymous_2)
FNF:3
FNH:3
FNDA:33,InputAPI
FNDA:6,(anonymous_1)
FNDA:5,(anonymous_2)
DA:8,33
DA:9,33
DA:10,33
DA:12,33
DA:13,6
DA:16,33
DA:17,5
DA:18,5
DA:21,33
LF:9
LH:9
BRF:0
BRH:0
end_of_record
TN:
SF:src\components\lang-switcher\lang-switcher.tsx
FN:38,LangSwitch
FN:42,(anonymous_1)
FN:48,(anonymous_2)
FN:52,(anonymous_3)
FN:67,(anonymous_4)
FN:74,(anonymous_5)
FN:80,(anonymous_6)
FNF:7
FNH:6
FNDA:37,LangSwitch
FNDA:16,(anonymous_1)
FNDA:2,(anonymous_2)
FNDA:1,(anonymous_3)
FNDA:0,(anonymous_4)
FNDA:12,(anonymous_5)
FNDA:1,(anonymous_6)
DA:17,5
DA:39,37
DA:40,37
DA:41,37
DA:42,37
DA:43,16
DA:44,16
DA:45,16
DA:48,37
DA:49,2
DA:52,37
DA:53,1
DA:56,37
DA:67,0
DA:75,12
DA:76,8
DA:80,1
LF:17
LH:16
BRDA:72,0,0,37
BRDA:72,0,1,4
BRDA:75,1,0,8
BRDA:75,1,1,4
BRF:4
BRH:4
end_of_record
TN:
SF:src\components\lang-switcher\style.scss
FNF:0
FNH:0
DA:1,5
LF:1
LH:1
BRF:0
BRH:0
end_of_record
TN:
SF:src\components\preloader\index.tsx
FN:3,Preloader
FNF:1
FNH:1
FNDA:18,Preloader
DA:4,18
LF:1
LH:1
BRF:0
BRH:0
end_of_record
TN:
SF:src\components\preloader\style.scss
FNF:0
FNH:0
DA:1,4
LF:1
LH:1
BRF:0
BRH:0
end_of_record
TN:
SF:src\components\shema\index.tsx
FN:19,GraphQLSchema
FN:30,(anonymous_1)
FN:31,(anonymous_2)
FN:58,(anonymous_3)
FN:62,(anonymous_4)
FN:73,createGloss
FN:80,(anonymous_6)
FN:91,(anonymous_7)
FN:98,(anonymous_8)
FN:113,(anonymous_9)
FN:119,(anonymous_10)
FN:137,(anonymous_11)
FN:145,(anonymous_12)
FNF:13
FNH:11
FNDA:23,GraphQLSchema
FNDA:10,(anonymous_1)
FNDA:10,(anonymous_2)
FNDA:12,(anonymous_3)
FNDA:2,(anonymous_4)
FNDA:2,createGloss
FNDA:12,(anonymous_6)
FNDA:0,(anonymous_7)
FNDA:4,(anonymous_8)
FNDA:6,(anonymous_9)
FNDA:8,(anonymous_10)
FNDA:2,(anonymous_11)
FNDA:0,(anonymous_12)
DA:20,23
DA:21,23
DA:22,23
DA:23,23
DA:24,23
DA:25,23
DA:26,23
DA:27,23
DA:28,23
DA:30,23
DA:31,10
DA:32,10
DA:33,10
DA:43,4
DA:44,4
DA:45,4
DA:46,4
DA:48,2
DA:50,2
DA:51,2
DA:55,10
DA:58,23
DA:59,12
DA:61,2
DA:63,2
DA:67,2
DA:69,2
DA:71,2
DA:74,2
DA:75,2
DA:76,2
DA:77,4
DA:78,4
DA:79,4
DA:80,12
DA:82,4
DA:85,2
DA:87,2
DA:88,2
DA:91,23
DA:92,0
DA:93,0
DA:94,0
DA:95,0
DA:98,23
DA:99,4
DA:101,23
DA:102,18
DA:104,5
DA:105,1
DA:107,4
DA:108,1
DA:110,3
DA:111,2
DA:114,6
DA:120,8
DA:131,1
DA:138,2
DA:145,0
LF:59
LH:54
BRDA:50,0,0,2
BRDA:50,0,1,0
BRDA:59,1,0,10
BRDA:59,1,1,2
BRDA:63,2,0,2
BRDA:63,2,1,0
BRDA:67,3,0,0
BRDA:67,3,1,2
BRDA:71,4,0,0
BRDA:71,4,1,2
BRDA:74,5,0,0
BRDA:74,5,1,2
BRDA:77,6,0,4
BRDA:77,6,1,0
BRDA:82,7,0,2
BRDA:82,7,1,2
BRDA:88,8,0,2
BRDA:88,8,1,0
BRDA:93,9,0,0
BRDA:93,9,1,0
BRDA:93,10,0,0
BRDA:93,10,1,0
BRDA:99,11,0,4
BRDA:99,11,1,4
BRDA:99,11,2,2
BRDA:101,12,0,18
BRDA:101,12,1,5
BRDA:104,13,0,1
BRDA:104,13,1,4
BRDA:107,14,0,1
BRDA:107,14,1,3
BRDA:110,15,0,2
BRDA:110,15,1,1
BRDA:118,16,0,6
BRDA:118,16,1,4
BRDA:136,17,0,1
BRDA:136,17,1,1
BRDA:140,18,0,2
BRDA:140,18,1,0
BRDA:144,19,0,2
BRDA:144,19,1,0
BRDA:153,20,0,1
BRDA:153,20,1,0
BRDA:153,20,2,0
BRF:44
BRH:29
end_of_record
TN:
SF:src\components\shema\shema-items.tsx
FN:4,ShemaItems
FN:17,(anonymous_1)
FNF:2
FNH:2
FNDA:3,ShemaItems
FNDA:2,(anonymous_1)
DA:5,3
DA:7,3
DA:18,2
LF:3
LH:3
BRDA:9,0,0,1
BRDA:9,0,1,2
BRDA:9,1,0,3
BRDA:9,1,1,2
BRDA:10,2,0,1
BRDA:10,2,1,1
BRDA:13,3,0,2
BRDA:13,3,1,2
BRDA:15,4,0,3
BRDA:15,4,1,2
BRDA:15,4,2,2
BRDA:22,5,0,2
BRDA:22,5,1,2
BRF:13
BRH:13
end_of_record
TN:
SF:src\components\shema\styles.scss
FNF:0
FNH:0
DA:1,4
LF:1
LH:1
BRF:0
BRH:0
end_of_record
TN:
SF:src\components\shema\types.ts
FNF:0
FNH:0
DA:1,4
LF:1
LH:1
BRF:0
BRH:0
end_of_record
TN:
SF:src\context\constants.ts
FNF:0
FNH:0
DA:1,11
DA:45,11
DA:89,11
LF:3
LH:3
BRF:0
BRH:0
end_of_record
TN:
SF:src\context\local.tsx
FN:13,(anonymous_0)
FN:28,(anonymous_1)
FNF:2
FNH:2
FNDA:20,(anonymous_0)
FNDA:171,(anonymous_1)
DA:9,10
DA:13,10
DA:14,20
DA:16,20
DA:17,20
DA:19,20
DA:21,20
DA:28,10
DA:29,171
DA:30,171
DA:31,0
DA:35,171
LF:12
LH:11
BRDA:30,0,0,0
BRDA:30,0,1,171
BRF:2
BRH:1
end_of_record
TN:
SF:src\hooks\redux-hooks.tsx
FN:4,(anonymous_0)
FNF:1
FNH:1
FNDA:72,(anonymous_0)
DA:4,72
DA:5,7
LF:2
LH:2
BRF:0
BRH:0
end_of_record
TN:
SF:src\hooks\useAuth.tsx
FN:4,(anonymous_0)
FN:5,(anonymous_1)
FNF:2
FNH:2
FNDA:64,(anonymous_0)
FNDA:94,(anonymous_1)
DA:4,6
DA:5,94
DA:6,64
LF:3
LH:3
BRF:0
BRH:0
end_of_record
TN:
SF:src\pages\GraphiqlIDE\codeFormatter.ts
FN:1,formatGraphQLCode
FN:5,(anonymous_1)
FNF:2
FNH:2
FNDA:2,formatGraphQLCode
FNDA:6,(anonymous_1)
DA:2,2
DA:3,2
DA:5,2
DA:6,6
DA:7,3
DA:8,3
DA:10,3
DA:11,3
DA:15,2
LF:9
LH:9
BRDA:6,0,0,3
BRDA:6,0,1,3
BRF:2
BRH:2
end_of_record
TN:
SF:src\pages\GraphiqlIDE\codeMirrorSetup.ts
FNF:0
FNH:0
DA:3,3
LF:1
LH:1
BRF:0
BRH:0
end_of_record
TN:
SF:src\pages\GraphiqlIDE\index.module.scss
FNF:0
FNH:0
DA:1,3
LF:1
LH:1
BRF:0
BRH:0
end_of_record
TN:
SF:src\pages\GraphiqlIDE\index.tsx
FN:18,GraphiqlIDE
FN:35,(anonymous_1)
FN:38,(anonymous_2)
FN:42,(anonymous_3)
FN:71,(anonymous_4)
FN:75,(anonymous_5)
FN:80,(anonymous_6)
FN:84,(anonymous_7)
FN:88,(anonymous_8)
FN:92,(anonymous_9)
FN:93,(anonymous_10)
FN:96,(anonymous_11)
FN:97,(anonymous_12)
FNF:13
FNH:8
FNDA:25,GraphiqlIDE
FNDA:37,(anonymous_1)
FNDA:9,(anonymous_2)
FNDA:2,(anonymous_3)
FNDA:2,(anonymous_4)
FNDA:0,(anonymous_5)
FNDA:0,(anonymous_6)
FNDA:0,(anonymous_7)
FNDA:0,(anonymous_8)
FNDA:1,(anonymous_9)
FNDA:1,(anonymous_10)
FNDA:0,(anonymous_11)
FNDA:1,(anonymous_12)
DA:19,25
DA:26,25
DA:27,25
DA:28,25
DA:29,25
DA:30,25
DA:31,25
DA:32,25
DA:33,25
DA:34,25
DA:35,37
DA:36,25
DA:38,25
DA:39,9
DA:42,25
DA:43,2
DA:44,2
DA:45,2
DA:46,2
DA:47,2
DA:48,2
DA:57,1
DA:58,1
DA:60,1
DA:61,1
DA:62,1
DA:63,0
DA:64,0
DA:65,0
DA:66,0
DA:71,25
DA:72,2
DA:75,25
DA:76,0
DA:77,0
DA:80,25
DA:81,0
DA:84,25
DA:85,0
DA:88,25
DA:89,0
DA:92,25
DA:93,1
DA:96,25
DA:97,25
DA:98,25
LF:46
LH:37
BRDA:39,0,0,9
BRDA:39,0,1,9
BRDA:44,1,0,2
BRDA:44,1,1,0
BRDA:47,2,0,2
BRDA:47,2,1,0
BRDA:53,3,0,2
BRDA:53,3,1,0
BRDA:60,4,0,1
BRDA:60,4,1,0
BRDA:63,5,0,0
BRDA:63,5,1,0
BRDA:145,6,0,24
BRDA:145,6,1,1
BRDA:157,7,0,1
BRDA:157,7,1,24
BRDA:178,8,0,1
BRDA:178,8,1,24
BRDA:181,9,0,24
BRDA:181,9,1,1
BRDA:190,10,0,1
BRDA:190,10,1,24
BRDA:198,11,0,1
BRDA:198,11,1,24
BRDA:203,12,0,25
BRDA:203,12,1,17
BRF:26
BRH:20
end_of_record
TN:
SF:src\pages\Login\LoginForm.module.scss
FNF:0
FNH:0
DA:1,1
LF:1
LH:1
BRF:0
BRH:0
end_of_record
TN:
SF:src\pages\Login\index.tsx
FN:21,(anonymous_0)
FN:46,(anonymous_1)
FN:50,(anonymous_2)
FN:53,(anonymous_3)
FN:59,(anonymous_4)
FNF:5
FNH:4
FNDA:9,(anonymous_0)
FNDA:4,(anonymous_1)
FNDA:1,(anonymous_2)
FNDA:0,(anonymous_3)
FNDA:1,(anonymous_4)
DA:21,1
DA:22,9
DA:23,9
DA:24,9
DA:25,9
DA:36,9
DA:41,9
DA:45,9
DA:46,9
DA:47,4
DA:50,9
DA:51,1
DA:52,1
DA:54,0
DA:57,0
DA:60,1
DA:64,9
LF:17
LH:15
BRDA:47,0,0,4
BRDA:47,0,1,0
BRDA:79,1,0,9
BRDA:79,1,1,1
BRDA:90,2,0,9
BRDA:90,2,1,0
BRDA:96,3,0,9
BRDA:96,3,1,5
BRDA:96,3,2,4
BRDA:108,4,0,9
BRDA:108,4,1,1
BRF:11
BRH:9
end_of_record
TN:
SF:src\pages\Register\RegistrationForm.module.scss
FNF:0
FNH:0
DA:1,1
LF:1
LH:1
BRF:0
BRH:0
end_of_record
TN:
SF:src\pages\Register\index.tsx
FN:22,(anonymous_0)
FN:54,(anonymous_1)
FN:58,(anonymous_2)
FN:61,(anonymous_3)
FN:67,(anonymous_4)
FNF:5
FNH:4
FNDA:5,(anonymous_0)
FNDA:2,(anonymous_1)
FNDA:1,(anonymous_2)
FNDA:0,(anonymous_3)
FNDA:1,(anonymous_4)
DA:22,1
DA:23,5
DA:24,5
DA:25,5
DA:26,5
DA:27,5
DA:49,5
DA:53,5
DA:54,5
DA:55,2
DA:58,5
DA:59,1
DA:60,1
DA:62,0
DA:65,0
DA:68,1
DA:72,5
LF:17
LH:15
BRDA:55,0,0,2
BRDA:55,0,1,0
BRDA:87,1,0,5
BRDA:87,1,1,0
BRDA:87,1,2,0
BRDA:100,2,0,5
BRDA:100,2,1,0
BRDA:100,2,2,0
BRDA:113,3,0,5
BRDA:113,3,1,0
BRDA:113,3,2,0
BRDA:126,4,0,5
BRDA:126,4,1,0
BRDA:126,4,2,0
BRDA:136,5,0,5
BRDA:136,5,1,3
BRDA:136,5,2,2
BRDA:147,6,0,5
BRDA:147,6,1,1
BRF:19
BRH:10
end_of_record
TN:
SF:src\services\fetchService.ts
FN:9,(anonymous_0)
FNF:1
FNH:1
FNDA:2,(anonymous_0)
DA:9,3
DA:14,2
DA:18,2
DA:19,2
DA:22,2
DA:28,2
LF:6
LH:6
BRDA:18,0,0,2
BRDA:18,0,1,0
BRF:2
BRH:1
end_of_record
TN:
SF:src\store\index.ts
FN:10,(anonymous_0)
FN:22,(anonymous_1)
FN:31,(anonymous_2)
FN:38,(anonymous_3)
FNF:4
FNH:4
FNDA:6,(anonymous_0)
FNDA:5,(anonymous_1)
FNDA:6,(anonymous_2)
FNDA:5,(anonymous_3)
DA:5,6
DA:10,6
DA:11,6
DA:12,6
DA:13,6
DA:14,6
DA:16,0
DA:18,0
DA:22,6
DA:23,5
DA:24,5
DA:25,5
DA:27,0
DA:31,6
DA:32,6
DA:33,6
DA:38,6
DA:39,5
DA:42,6
LF:19
LH:16
BRDA:13,0,0,6
BRDA:13,0,1,0
BRF:2
BRH:1
end_of_record
TN:
SF:src\store\slices\editorSlices.ts
FN:16,(anonymous_0)
FNF:1
FNH:1
FNDA:5,(anonymous_0)
DA:8,6
DA:12,6
DA:17,5
DA:22,6
LF:4
LH:4
BRF:0
BRH:0
end_of_record
TN:
SF:src\store\slices\userSlices.ts
FN:20,(anonymous_0)
FN:25,(anonymous_1)
FNF:2
FNH:0
FNDA:0,(anonymous_0)
FNDA:0,(anonymous_1)
DA:10,7
DA:16,7
DA:21,0
DA:22,0
DA:23,0
DA:26,0
DA:27,0
DA:28,0
DA:33,7
LF:9
LH:3
BRF:0
BRH:0
end_of_record
