TN:
SF:src/components/footer/Footer.module.scss
FNF:0
FNH:0
DA:1,3
LF:1
LH:1
BRF:0
BRH:0
end_of_record
TN:
SF:src/components/footer/Footer.tsx
FN:5,Footer
FNF:1
FNH:1
FNDA:16,Footer
DA:3,3
DA:6,16
DA:7,16
LF:3
LH:3
BRF:0
BRH:0
end_of_record
TN:
SF:src/components/header/Header.module.scss
FNF:0
FNH:0
DA:1,3
LF:1
LH:1
BRF:0
BRH:0
end_of_record
TN:
SF:src/components/header/Header.tsx
FN:10,Header
FN:17,(anonymous_1)
FN:18,(anonymous_2)
FN:25,(anonymous_3)
FN:30,(anonymous_4)
FNF:5
FNH:3
FNDA:16,Header
FNDA:9,(anonymous_1)
FNDA:0,(anonymous_2)
FNDA:9,(anonymous_3)
FNDA:0,(anonymous_4)
DA:11,16
DA:12,16
DA:13,16
DA:14,16
DA:15,16
DA:17,16
DA:18,9
DA:19,0
DA:20,0
DA:23,9
DA:25,9
DA:26,9
DA:30,16
DA:31,0
DA:32,0
DA:34,16
LF:16
LH:12
BRDA:38,0,0,0
BRDA:38,0,1,16
BRDA:46,1,0,16
BRDA:46,1,1,0
BRDA:52,2,0,16
BRDA:52,2,1,16
BRF:6
BRH:4
end_of_record
TN:
SF:src/components/inputAPI/InputAPI.module.scss
FNF:0
FNH:0
DA:1,4
LF:1
LH:1
BRF:0
BRH:0
end_of_record
TN:
SF:src/components/inputAPI/InputAPI.tsx
FN:7,InputAPI
FN:12,(anonymous_1)
FN:16,(anonymous_2)
FNF:3
FNH:3
FNDA:24,InputAPI
FNDA:6,(anonymous_1)
FNDA:5,(anonymous_2)
DA:8,24
DA:9,24
DA:10,24
DA:12,24
DA:13,6
DA:16,24
DA:17,5
DA:18,5
DA:21,24
LF:9
LH:9
BRF:0
BRH:0
end_of_record
TN:
SF:src/components/lang-switcher/lang-switcher.tsx
FN:38,LangSwitch
FN:42,(anonymous_1)
FN:48,(anonymous_2)
FN:52,(anonymous_3)
FN:66,(anonymous_4)
FN:73,(anonymous_5)
FN:79,(anonymous_6)
FNF:7
FNH:2
FNDA:21,LangSwitch
FNDA:9,(anonymous_1)
FNDA:0,(anonymous_2)
FNDA:0,(anonymous_3)
FNDA:0,(anonymous_4)
FNDA:0,(anonymous_5)
FNDA:0,(anonymous_6)
DA:17,3
DA:39,21
DA:40,21
DA:41,21
DA:42,21
DA:43,9
DA:44,9
DA:45,9
DA:48,21
DA:49,0
DA:52,21
DA:53,0
DA:56,21
DA:66,0
DA:74,0
DA:75,0
DA:79,0
LF:17
LH:11
BRDA:71,0,0,21
BRDA:71,0,1,0
BRDA:74,1,0,0
BRDA:74,1,1,0
BRF:4
BRH:1
end_of_record
TN:
SF:src/components/lang-switcher/style.scss
FNF:0
FNH:0
DA:1,3
LF:1
LH:1
BRF:0
BRH:0
end_of_record
TN:
SF:src/components/preloader/index.tsx
FN:3,Preloader
FNF:1
FNH:1
FNDA:11,Preloader
DA:4,11
LF:1
LH:1
BRF:0
BRH:0
end_of_record
TN:
SF:src/components/preloader/style.scss
FNF:0
FNH:0
DA:1,3
LF:1
LH:1
BRF:0
BRH:0
end_of_record
TN:
SF:src/components/shema/index.tsx
FN:19,GraphQLSchema
FN:31,(anonymous_1)
FN:32,(anonymous_2)
FN:61,(anonymous_3)
FN:65,(anonymous_4)
FN:77,createGloss
FN:84,(anonymous_6)
FN:97,(anonymous_7)
FN:104,(anonymous_8)
FN:119,(anonymous_9)
FN:125,(anonymous_10)
FN:144,(anonymous_11)
FN:152,(anonymous_12)
FNF:13
FNH:11
FNDA:16,GraphQLSchema
FNDA:8,(anonymous_1)
FNDA:8,(anonymous_2)
FNDA:9,(anonymous_3)
FNDA:1,(anonymous_4)
FNDA:1,createGloss
FNDA:6,(anonymous_6)
FNDA:0,(anonymous_7)
FNDA:4,(anonymous_8)
FNDA:3,(anonymous_9)
FNDA:4,(anonymous_10)
FNDA:2,(anonymous_11)
FNDA:0,(anonymous_12)
DA:20,16
DA:21,16
DA:22,16
DA:23,16
DA:24,16
DA:25,16
DA:26,16
DA:27,16
DA:28,16
DA:31,16
DA:32,8
DA:33,8
DA:34,8
DA:44,4
DA:45,4
DA:46,4
DA:47,4
DA:49,2
DA:51,2
DA:54,2
DA:58,8
DA:61,16
DA:62,9
DA:64,1
DA:66,1
DA:70,1
DA:72,1
DA:74,1
DA:78,1
DA:79,1
DA:80,1
DA:81,2
DA:82,2
DA:83,2
DA:84,6
DA:86,2
DA:89,1
DA:91,1
DA:92,1
DA:97,16
DA:98,0
DA:99,0
DA:100,0
DA:101,0
DA:104,16
DA:105,4
DA:107,16
DA:108,11
DA:110,5
DA:111,2
DA:113,3
DA:114,1
DA:116,2
DA:117,1
DA:120,3
DA:126,4
DA:138,1
DA:145,2
DA:152,0
LF:59
LH:54
BRDA:51,0,0,2
BRDA:51,0,1,0
BRDA:62,1,0,8
BRDA:62,1,1,1
BRDA:66,2,0,1
BRDA:66,2,1,0
BRDA:70,3,0,0
BRDA:70,3,1,1
BRDA:74,4,0,0
BRDA:74,4,1,1
BRDA:78,5,0,0
BRDA:78,5,1,1
BRDA:81,6,0,2
BRDA:81,6,1,0
BRDA:86,7,0,1
BRDA:86,7,1,1
BRDA:92,8,0,1
BRDA:92,8,1,0
BRDA:99,9,0,0
BRDA:99,9,1,0
BRDA:99,10,0,0
BRDA:99,10,1,0
BRDA:105,11,0,4
BRDA:105,11,1,4
BRDA:105,11,2,2
BRDA:107,12,0,11
BRDA:107,12,1,5
BRDA:110,13,0,2
BRDA:110,13,1,3
BRDA:113,14,0,1
BRDA:113,14,1,2
BRDA:116,15,0,1
BRDA:116,15,1,1
BRDA:124,16,0,3
BRDA:124,16,1,2
BRDA:143,17,0,1
BRDA:143,17,1,1
BRDA:147,18,0,2
BRDA:147,18,1,0
BRDA:151,19,0,2
BRDA:151,19,1,0
BRDA:160,20,0,1
BRDA:160,20,1,0
BRDA:160,20,2,0
BRF:44
BRH:29
end_of_record
TN:
SF:src/components/shema/shema-items.tsx
FN:3,ShemaItems
FN:16,(anonymous_1)
FNF:2
FNH:0
FNDA:0,ShemaItems
FNDA:0,(anonymous_1)
DA:4,0
DA:6,0
DA:17,0
LF:3
LH:0
BRDA:8,0,0,0
BRDA:8,0,1,0
BRDA:8,1,0,0
BRDA:8,1,1,0
BRDA:9,2,0,0
BRDA:9,2,1,0
BRDA:12,3,0,0
BRDA:12,3,1,0
BRDA:14,4,0,0
BRDA:14,4,1,0
BRDA:14,4,2,0
BRDA:21,5,0,0
BRDA:21,5,1,0
BRF:13
BRH:0
end_of_record
TN:
SF:src/components/shema/styles.scss
FNF:0
FNH:0
DA:1,3
LF:1
LH:1
BRF:0
BRH:0
end_of_record
TN:
SF:src/components/shema/types.ts
FNF:0
FNH:0
DA:1,3
LF:1
LH:1
BRF:0
BRH:0
end_of_record
TN:
SF:src/context/constants.ts
FNF:0
FNH:0
DA:1,4
DA:45,4
DA:89,4
LF:3
LH:3
BRF:0
BRH:0
end_of_record
TN:
SF:src/context/local.tsx
FN:13,(anonymous_0)
FN:28,(anonymous_1)
FNF:2
FNH:2
FNDA:11,(anonymous_0)
FNDA:109,(anonymous_1)
DA:9,4
DA:13,4
DA:14,11
DA:16,11
DA:17,11
DA:19,11
DA:21,11
DA:28,4
DA:29,109
DA:30,109
DA:31,0
DA:35,109
LF:12
LH:11
BRDA:30,0,0,0
BRDA:30,0,1,109
BRF:2
BRH:1
end_of_record
TN:
SF:src/hooks/redux-hooks.tsx
FN:4,(anonymous_0)
FNF:1
FNH:1
FNDA:40,(anonymous_0)
DA:4,40
DA:5,4
LF:2
LH:2
BRF:0
BRH:0
end_of_record
TN:
SF:src/hooks/useAuth.tsx
FN:4,(anonymous_0)
FN:5,(anonymous_1)
FNF:2
FNH:2
FNDA:16,(anonymous_0)
FNDA:28,(anonymous_1)
DA:4,3
DA:5,28
DA:6,16
LF:3
LH:3
BRF:0
BRH:0
end_of_record
TN:
SF:src/pages/GraphiqlIDE/codeFormatter.ts
FN:1,formatGraphQLCode
FN:5,(anonymous_1)
FNF:2
FNH:0
FNDA:0,formatGraphQLCode
FNDA:0,(anonymous_1)
DA:2,0
DA:3,0
DA:5,0
DA:6,0
DA:7,0
DA:8,0
DA:10,0
DA:11,0
DA:15,0
LF:9
LH:0
BRDA:6,0,0,0
BRDA:6,0,1,0
BRF:2
BRH:0
end_of_record
TN:
SF:src/pages/GraphiqlIDE/codeMirrorSetup.ts
FNF:0
FNH:0
DA:3,3
LF:1
LH:1
BRF:0
BRH:0
end_of_record
TN:
SF:src/pages/GraphiqlIDE/index.module.scss
FNF:0
FNH:0
DA:1,3
LF:1
LH:1
BRF:0
BRH:0
end_of_record
TN:
SF:src/pages/GraphiqlIDE/index.tsx
FN:16,GraphiqlIDE
FN:32,(anonymous_1)
FN:35,(anonymous_2)
FN:64,(anonymous_3)
FN:68,(anonymous_4)
FN:73,(anonymous_5)
FN:77,(anonymous_6)
FN:81,(anonymous_7)
FN:85,(anonymous_8)
FN:86,(anonymous_9)
FN:89,(anonymous_10)
FN:90,(anonymous_11)
FNF:12
FNH:7
FNDA:16,GraphiqlIDE
FNDA:28,(anonymous_1)
FNDA:2,(anonymous_2)
FNDA:2,(anonymous_3)
FNDA:0,(anonymous_4)
FNDA:0,(anonymous_5)
FNDA:0,(anonymous_6)
FNDA:0,(anonymous_7)
FNDA:1,(anonymous_8)
FNDA:1,(anonymous_9)
FNDA:0,(anonymous_10)
FNDA:1,(anonymous_11)
DA:17,16
DA:25,16
DA:26,16
DA:27,16
DA:28,16
DA:29,16
DA:30,16
DA:31,16
DA:32,28
DA:33,16
DA:35,16
DA:36,2
DA:37,2
DA:38,2
DA:39,2
DA:40,2
DA:41,2
DA:50,1
DA:51,1
DA:53,1
DA:54,1
DA:55,1
DA:56,0
DA:57,0
DA:58,0
DA:59,0
DA:64,16
DA:65,2
DA:68,16
DA:69,0
DA:70,0
DA:73,16
DA:74,0
DA:77,16
DA:78,0
DA:81,16
DA:82,0
DA:85,16
DA:86,1
DA:89,16
DA:90,16
DA:91,16
LF:42
LH:33
BRDA:37,0,0,2
BRDA:37,0,1,0
BRDA:40,1,0,2
BRDA:40,1,1,0
BRDA:46,2,0,2
BRDA:46,2,1,0
BRDA:53,3,0,1
BRDA:53,3,1,0
BRDA:56,4,0,0
BRDA:56,4,1,0
BRDA:138,5,0,15
BRDA:138,5,1,1
BRDA:150,6,0,1
BRDA:150,6,1,15
BRDA:167,7,0,1
BRDA:167,7,1,15
BRDA:170,8,0,15
BRDA:170,8,1,1
BRDA:179,9,0,1
BRDA:179,9,1,15
BRDA:187,10,0,1
BRDA:187,10,1,15
BRDA:192,11,0,16
BRDA:192,11,1,12
BRF:24
BRH:18
end_of_record
TN:
SF:src/services/fetchService.ts
FN:9,(anonymous_0)
FNF:1
FNH:1
FNDA:2,(anonymous_0)
DA:9,3
DA:14,2
DA:18,2
DA:19,2
DA:22,2
DA:28,2
LF:6
LH:6
BRDA:18,0,0,2
BRDA:18,0,1,0
BRF:2
BRH:1
end_of_record
TN:
SF:src/store/index.ts
FN:10,(anonymous_0)
FN:22,(anonymous_1)
FN:31,(anonymous_2)
FN:38,(anonymous_3)
FNF:4
FNH:4
FNDA:4,(anonymous_0)
FNDA:5,(anonymous_1)
FNDA:4,(anonymous_2)
FNDA:5,(anonymous_3)
DA:5,4
DA:10,4
DA:11,4
DA:12,4
DA:13,4
DA:14,4
DA:16,0
DA:18,0
DA:22,4
DA:23,5
DA:24,5
DA:25,5
DA:27,0
DA:31,4
DA:32,4
DA:33,4
DA:38,4
DA:39,5
DA:42,4
LF:19
LH:16
BRDA:13,0,0,4
BRDA:13,0,1,0
BRF:2
BRH:1
end_of_record
TN:
SF:src/store/slices/editorSlices.ts
FN:16,(anonymous_0)
FNF:1
FNH:1
FNDA:5,(anonymous_0)
DA:8,4
DA:12,4
DA:17,5
DA:22,4
LF:4
LH:4
BRF:0
BRH:0
end_of_record
TN:
SF:src/store/slices/userSlices.ts
FN:20,(anonymous_0)
FN:25,(anonymous_1)
FNF:2
FNH:0
FNDA:0,(anonymous_0)
FNDA:0,(anonymous_1)
DA:10,4
DA:16,4
DA:21,0
DA:22,0
DA:23,0
DA:26,0
DA:27,0
DA:28,0
DA:33,4
LF:9
LH:3
BRF:0
BRH:0
end_of_record
